<?xml version="1.0" encoding="UTF-8"?>
<!-- Generated by org.testng.reporters.JUnitReportReporter -->
<testsuite hostname="JH2VLW5L95" failures="0" tests="6" name="tests.LeadsTest" time="54.315" errors="0" timestamp="2024-08-14T12:50:12 IST" skipped="0">
  <testcase classname="tests.LeadsTest" name="LoginToSite" time="1.536"/>
  <system-out/>
  <testcase classname="tests.LeadsTest" name="createNewLeads" time="20.183"/>
  <system-out/>
  <testcase classname="tests.LeadsTest" name="editLead" time="5.978"/>
  <system-out/>
  <testcase classname="tests.LeadsTest" name="filterLeads" time="1.089"/>
  <system-out/>
  <testcase classname="tests.LeadsTest" name="deleteLead" time="17.956"/>
  <system-out/>
  <testcase classname="tests.LeadsTest" name="signOut" time="7.573"/>
  <system-out/>
</testsuite> <!-- tests.LeadsTest -->
