<?xml version="1.0" encoding="UTF-8"?>
<!-- Generated by org.testng.reporters.JUnitReportReporter -->
<testsuite hostname="JH2VLW5L95" failures="0" tests="6" name="tests.BaseTest" time="272.380" errors="0" timestamp="2024-08-13T18:27:38 IST" skipped="0">
  <testcase classname="tests.BaseTest" name="LoginToSite" time="2.731"/>
  <system-out/>
  <testcase classname="tests.BaseTest" name="createNewLeads" time="65.588"/>
  <system-out/>
  <testcase classname="tests.BaseTest" name="editLead" time="31.781"/>
  <system-out/>
  <testcase classname="tests.BaseTest" name="filterLeads" time="62.416"/>
  <system-out/>
  <testcase classname="tests.BaseTest" name="deleteLead" time="104.495"/>
  <system-out/>
  <testcase classname="tests.BaseTest" name="signOut" time="5.369"/>
  <system-out/>
</testsuite> <!-- tests.BaseTest -->
